<?xml version="1.0" encoding="UTF-8"?>
<testsuite name="com.epsi.mycal.CalculatorTest" tests="1" skipped="0" failures="0" errors="0" timestamp="2021-03-12T08:06:59" hostname="DESKTOP-6T5IG1K" time="0.002">
  <properties/>
  <testcase name="testSMul" classname="com.epsi.mycal.CalculatorTest" time="0.002"/>
  <system-out><![CDATA[]]></system-out>
  <system-err><![CDATA[]]></system-err>
</testsuite>
